2025-09-13 22:00:41,295 - INFO - \U0001f310 Logging into Opstra...
2025-09-13 22:00:49,733 - INFO - \u2705 Login successful!
2025-09-13 22:01:27,291 - ERROR - \u274c Could not select expiry: Message: element click intercepted: Element <div class="v-select__slot">...</div> is not clickable at point (279, 469). Other element would receive the click: <div class="v-list__tile__content">...</div>
  (Session info: chrome=140.0.7339.128)
Stacktrace:
	GetHandleVerifier [0x0x7ff7b2a4fc95+79861]
	GetHandleVerifier [0x0x7ff7b2a4fcf0+79952]
	(No symbol) [0x0x7ff7b27ccada]
	(No symbol) [0x0x7ff7b282c5d9]
	(No symbol) [0x0x7ff7b2829f5e]
	(No symbol) [0x0x7ff7b2826eb1]
	(No symbol) [0x0x7ff7b2825da0]
	(No symbol) [0x0x7ff7b2817338]
	(No symbol) [0x0x7ff7b284cada]
	(No symbol) [0x0x7ff7b2816bc6]
	(No symbol) [0x0x7ff7b284ccf0]
	(No symbol) [0x0x7ff7b2874f8b]
	(No symbol) [0x0x7ff7b284c8b3]
	(No symbol) [0x0x7ff7b2815272]
	(No symbol) [0x0x7ff7b2816043]
	GetHandleVerifier [0x0x7ff7b2d0b9cd+2946349]
	GetHandleVerifier [0x0x7ff7b2d05c4a+2922410]
	GetHandleVerifier [0x0x7ff7b2d259d7+3052855]
	GetHandleVerifier [0x0x7ff7b2a6aa7e+189918]
	GetHandleVerifier [0x0x7ff7b2a72a1f+222591]
	GetHandleVerifier [0x0x7ff7b2a58ab4+116244]
	GetHandleVerifier [0x0x7ff7b2a58c69+116681]
	GetHandleVerifier [0x0x7ff7b2a3f048+11176]
	BaseThreadInitThunk [0x0x7ff8e46a7374+20]
	RtlUserThreadStart [0x0x7ff8e4c5cc91+33]

2025-09-13 22:01:35,313 - WARNING - \u26a0\ufe0f 'All Strikes' button not found
2025-09-13 22:01:43,327 - INFO - \u2705 Extracted 100 rows
2025-09-13 22:01:43,346 - INFO - \u2705 Full option chain saved: 20250913-option_chain_30SEP2025_all.csv
2025-09-13 22:01:43,346 - INFO - Columns: ['ITM Prob.', 'CallIV', 'CallDelta', 'CallOI', 'CallLTP', 'StrikePrice', 'PutLTP', 'PutOI', 'PutDelta', 'PutIV', 'ITM Prob.']
2025-09-13 22:01:46,041 - INFO - \U0001f389 Extraction complete
